#
# A fatal error has been detected by the Java Runtime Environment:
#
#  SIGSEGV (0xb) at pc=0x000000010e25889c, pid=26472, tid=17155
#
# JRE version: Java(TM) SE Runtime Environment (8.0_91-b14) (build 1.8.0_91-b14)
# Java VM: Java HotSpot(TM) 64-Bit Server VM (25.91-b14 mixed mode bsd-amd64 compressed oops)
# Problematic frame:
# V  [libjvm.dylib+0x38489c]  JvmtiEnv::GetClassMethods(oopDesc*, int*, _jmethodID***)+0x122
#
# Failed to write core dump. Core dumps have been disabled. To enable core dumping, try "ulimit -c unlimited" before starting Java again
#
# If you would like to submit a bug report, please visit:
#   http://bugreport.java.com/bugreport/crash.jsp
#

---------------  T H R E A D  ---------------

Current thread (0x00007fcaac831000):  JavaThread "JDWP Transport Listener: dt_socket" daemon [_thread_in_vm, id=17155, stack(0x0000700000b3b000,0x0000700000c3b000)]

siginfo: si_signo: 11 (SIGSEGV), si_code: 1 (SEGV_MAPERR), si_addr: 0x00007fcae54fa1d0

Registers:
RAX=0x00007fcaad707fd8, RBX=0x00000007c024dab8, RCX=0x0000000000000001, RDX=0x00007fcaaaf09d70
RSP=0x0000700000c3a970, RBP=0x0000700000c3a9f0, RSI=0x0000000000000000, RDI=0x00007fcaaaf07c30
R8 =0x0000700000c3a8b8, R9 =0x0000700000c3a8b0, R10=0x00007fcaad448490, R11=0x00007fcaad500000
R12=0x0000000000000010, R13=0x0000000007016400, R14=0x0000000000000011, R15=0x00007fcaad4481d0
RIP=0x000000010e25889c, EFLAGS=0x0000000000010202, ERR=0x0000000000000006
  TRAPNO=0x000000000000000e

Top of Stack: (sp=0x0000700000c3a970)
0x0000700000c3a970:   0000700000c3a980 0000000000000011
0x0000700000c3a980:   0000700000c3aa84 0000700000c3aa78
0x0000700000c3a990:   00007fcaac831000 00007fcaaaf08820
0x0000700000c3a9a0:   00007fcaaaf09c80 00007fcaaaf09c90
0x0000700000c3a9b0:   00007fcaaaf09d68 00000000000000d8
0x0000700000c3a9c0:   0000700000c3adb0 0000700000c3aa78
0x0000700000c3a9d0:   00007fcaaad12770 00007fcaac831000
0x0000700000c3a9e0:   0000700000c3aa84 0000000740729478
0x0000700000c3a9f0:   0000700000c3aa60 000000010e22d207
0x0000700000c3aa00:   00007fcaac831000 00007fcaac831000
0x0000700000c3aa10:   0000000000000000 0000700000000000
0x0000700000c3aa20:   0000000000000000 00007fcaac831000
0x0000700000c3aa30:   00007fcaac831000 0000000000000001
0x0000700000c3aa40:   00007fcaad2a33a8 00007fcaaadc63d0
0x0000700000c3aa50:   0000700000c3ab08 0000700000c3ac90
0x0000700000c3aa60:   0000700000c3aad0 000000010ef6c195
0x0000700000c3aa70:   0000700000c3aaa0 0000000000000000
0x0000700000c3aa80:   0000000000000032 0000700000c3ab08
0x0000700000c3aa90:   0000700000c3ab08 000000010ef9a598
0x0000700000c3aaa0:   0000700000c3aac0 0000700000c3ac90
0x0000700000c3aab0:   000000010ef8ee7a 00007fcaaadc63d0
0x0000700000c3aac0:   0000700000c3ab08 000000010ef9a598
0x0000700000c3aad0:   0000700000c3aae0 000000010ef6c2ec
0x0000700000c3aae0:   0000700000c3ad00 000000010ef75898
0x0000700000c3aaf0:   00000a7600000013 00000000000f0200
0x0000700000c3ab00:   00007fcaad42de50 0000700000c3ab58
0x0000700000c3ab10:   00007fca0000012c 0000700000c3ab20
0x0000700000c3ab20:   0000000000000000 0000700000c3ab58
0x0000700000c3ab30:   0000000000000000 0000000000000000
0x0000700000c3ab40:   00000a760000001c 00007fff0000cc80
0x0000700000c3ab50:   0000700000c3ab58 0000000101000000
0x0000700000c3ab60:   0000003500000000 322d636578652d07 

Instructions: (pc=0x000000010e25889c)
0x000000010e25887c:   45 31 e4 48 8b 83 80 01 00 00 48 8b 8b a0 01 00
0x000000010e25888c:   00 4e 63 6c a1 04 4a 8b 7c e0 08 e8 8c ff f9 ff
0x000000010e25889c:   4b 89 04 ef 49 ff c4 4d 39 e6 75 d7 48 8b 45 88
0x000000010e2588ac:   48 8b 55 90 89 02 48 8b 4d 98 4c 89 39 31 db 48 

Register to memory mapping:

RAX=0x00007fcaad707fd8 is an unknown value
RBX=0x00000007c024dab8 is pointing into metadata
RCX=0x0000000000000001 is an unknown value
RDX=0x00007fcaaaf09d70 is an unknown value
RSP=0x0000700000c3a970 is pointing into the stack for thread: 0x00007fcaac831000
RBP=0x0000700000c3a9f0 is pointing into the stack for thread: 0x00007fcaac831000
RSI=0x0000000000000000 is an unknown value
RDI=0x00007fcaaaf07c30 is an unknown value
R8 =0x0000700000c3a8b8 is pointing into the stack for thread: 0x00007fcaac831000
R9 =0x0000700000c3a8b0 is pointing into the stack for thread: 0x00007fcaac831000
R10=0x00007fcaad448490 is an unknown value
R11=0x00007fcaad500000 is an unknown value
R12=0x0000000000000010 is an unknown value
R13=0x0000000007016400 is an unknown value
R14=0x0000000000000011 is an unknown value
R15=0x00007fcaad4481d0 is an unknown value


Stack: [0x0000700000b3b000,0x0000700000c3b000],  sp=0x0000700000c3a970,  free space=1022k
Native frames: (J=compiled Java code, j=interpreted, Vv=VM code, C=native code)
V  [libjvm.dylib+0x38489c]  JvmtiEnv::GetClassMethods(oopDesc*, int*, _jmethodID***)+0x122
V  [libjvm.dylib+0x359207]  jvmti_GetClassMethods+0x130
C  [libjdwp.dylib+0x5195]  methods1+0xad
C  [libjdwp.dylib+0x52ec]  methodsWithGeneric+0xe
C  [libjdwp.dylib+0xe898]  debugLoop_run+0x1ce
C  [libjdwp.dylib+0x1f6ba]  attachThread+0x4d
V  [libjvm.dylib+0x39867c]  JvmtiAgentThread::call_start_function()+0x38
V  [libjvm.dylib+0x563d17]  JavaThread::thread_main_inner()+0x9b
V  [libjvm.dylib+0x565412]  JavaThread::run()+0x1c2
V  [libjvm.dylib+0x484f82]  java_start(Thread*)+0xf6
C  [libsystem_pthread.dylib+0x399d]  _pthread_body+0x83
C  [libsystem_pthread.dylib+0x391a]  _pthread_body+0x0
C  [libsystem_pthread.dylib+0x1351]  thread_start+0xd
C  0x0000000000000000


---------------  P R O C E S S  ---------------

Java Threads: ( => current thread )
  0x00007fcab1571800 JavaThread "http-nio-8080-exec-10" daemon [_thread_blocked, id=30723, stack(0x0000700002589000,0x0000700002689000)]
  0x00007fcab0385800 JavaThread "http-nio-8080-exec-9" daemon [_thread_blocked, id=30211, stack(0x0000700002486000,0x0000700002586000)]
  0x00007fcab140d000 JavaThread "http-nio-8080-exec-8" daemon [_thread_blocked, id=29699, stack(0x0000700002383000,0x0000700002483000)]
  0x00007fcab0228000 JavaThread "Abandoned connection cleanup thread" daemon [_thread_blocked, id=29187, stack(0x0000700002280000,0x0000700002380000)]
  0x00007fcaafb1a000 JavaThread "http-nio-8080-exec-7" daemon [_thread_blocked, id=28675, stack(0x000070000217d000,0x000070000227d000)]
  0x00007fcaaf9d6000 JavaThread "http-nio-8080-exec-6" daemon [_thread_blocked, id=28163, stack(0x000070000207a000,0x000070000217a000)]
  0x00007fcab100f000 JavaThread "http-nio-8080-exec-5" daemon [_thread_blocked, id=27651, stack(0x0000700001f77000,0x0000700002077000)]
  0x00007fcaafabe800 JavaThread "http-nio-8080-exec-4" daemon [_thread_blocked, id=27139, stack(0x0000700001e74000,0x0000700001f74000)]
  0x00007fcab0801800 JavaThread "http-nio-8080-exec-3" daemon [_thread_blocked, id=26627, stack(0x0000700001d71000,0x0000700001e71000)]
  0x00007fcab0069800 JavaThread "http-nio-8080-exec-2" daemon [_thread_blocked, id=26115, stack(0x0000700001c6e000,0x0000700001d6e000)]
  0x00007fcab0800000 JavaThread "http-nio-8080-exec-1" daemon [_thread_blocked, id=25603, stack(0x0000700001b6b000,0x0000700001c6b000)]
  0x00007fcaabc65800 JavaThread "DestroyJavaVM" [_thread_blocked, id=5891, stack(0x000070000011a000,0x000070000021a000)]
  0x00007fcaabbd2000 JavaThread "http-nio-8080-AsyncTimeout" daemon [_thread_blocked, id=25091, stack(0x0000700001a68000,0x0000700001b68000)]
  0x00007fcaab004000 JavaThread "http-nio-8080-Acceptor-0" daemon [_thread_in_native, id=24579, stack(0x0000700001965000,0x0000700001a65000)]
  0x00007fcaab9be800 JavaThread "http-nio-8080-ClientPoller-1" daemon [_thread_in_native, id=24067, stack(0x0000700001862000,0x0000700001962000)]
  0x00007fcaaba07000 JavaThread "http-nio-8080-ClientPoller-0" daemon [_thread_in_native, id=5127, stack(0x000070000175f000,0x000070000185f000)]
  0x00007fcaab153000 JavaThread "NioBlockingSelector.BlockPoller-1" daemon [_thread_in_native, id=13575, stack(0x0000700000932000,0x0000700000a32000)]
  0x00007fcaac5ac800 JavaThread "container-0" [_thread_blocked, id=23555, stack(0x000070000165c000,0x000070000175c000)]
  0x00007fcaacc17800 JavaThread "ContainerBackgroundProcessor[StandardEngine[Tomcat]]" daemon [_thread_blocked, id=13835, stack(0x0000700001559000,0x0000700001659000)]
  0x00007fcaab060800 JavaThread "Service Thread" daemon [_thread_blocked, id=20227, stack(0x000070000114d000,0x000070000124d000)]
  0x00007fcaac036800 JavaThread "C1 CompilerThread2" daemon [_thread_blocked, id=19715, stack(0x000070000104a000,0x000070000114a000)]
  0x00007fcaac000800 JavaThread "C2 CompilerThread1" daemon [_thread_blocked, id=19203, stack(0x0000700000f47000,0x0000700001047000)]
  0x00007fcaab813000 JavaThread "C2 CompilerThread0" daemon [_thread_blocked, id=18691, stack(0x0000700000e44000,0x0000700000f44000)]
  0x00007fcaac022800 JavaThread "JDWP Command Reader" daemon [_thread_in_native, id=18179, stack(0x0000700000d41000,0x0000700000e41000)]
  0x00007fcaac832000 JavaThread "JDWP Event Helper Thread" daemon [_thread_blocked, id=17667, stack(0x0000700000c3e000,0x0000700000d3e000)]
=>0x00007fcaac831000 JavaThread "JDWP Transport Listener: dt_socket" daemon [_thread_in_vm, id=17155, stack(0x0000700000b3b000,0x0000700000c3b000)]
  0x00007fcaab04d800 JavaThread "Signal Dispatcher" daemon [_thread_blocked, id=12815, stack(0x0000700000a38000,0x0000700000b38000)]
  0x00007fcaab040000 JavaThread "Finalizer" daemon [_thread_blocked, id=12291, stack(0x000070000082f000,0x000070000092f000)]
  0x00007fcaac002800 JavaThread "Reference Handler" daemon [_thread_blocked, id=11779, stack(0x000070000072c000,0x000070000082c000)]

Other Threads:
  0x00007fcaab824000 VMThread [stack: 0x0000700000629000,0x0000700000729000] [id=11267]
  0x00007fcaab061000 WatcherThread [stack: 0x0000700001250000,0x0000700001350000] [id=20739]

VM state:not at safepoint (normal execution)

VM Mutex/Monitor currently owned by a thread: None

Heap:
 PSYoungGen      total 179712K, used 73680K [0x0000000795580000, 0x00000007a4180000, 0x00000007c0000000)
  eden space 166912K, 37% used [0x0000000795580000,0x000000079921c120,0x000000079f880000)
  from space 12800K, 90% used [0x000000079f880000,0x00000007a03d8090,0x00000007a0500000)
  to   space 13824K, 0% used [0x00000007a3400000,0x00000007a3400000,0x00000007a4180000)
 ParOldGen       total 94208K, used 20043K [0x0000000740000000, 0x0000000745c00000, 0x0000000795580000)
  object space 94208K, 21% used [0x0000000740000000,0x0000000741392f38,0x0000000745c00000)
 Metaspace       used 44130K, capacity 44914K, committed 45056K, reserved 1089536K
  class space    used 4722K, capacity 4847K, committed 4864K, reserved 1048576K

Card table byte_map: [0x000000011ebc0000,0x000000011efc1000] byte_map_base: 0x000000011b1c0000

Marking Bits: (ParMarkBitMap*) 0x000000010e7baeb0
 Begin Bits: [0x000000011f26c000, 0x000000012126c000)
 End Bits:   [0x000000012126c000, 0x000000012326c000)

Polling page: 0x000000010ef66000

CodeCache: size=245760Kb used=23779Kb max_used=23821Kb free=221980Kb
 bounds [0x000000010f800000, 0x0000000110f70000, 0x000000011e800000]
 total_blobs=6291 nmethods=5797 adapters=414
 compilation: enabled

Compilation events (10 events):
Event: 2045.911 Thread 0x00007fcaac036800 6798       3       java.util.concurrent.ConcurrentHashMap::size (31 bytes)
Event: 2045.911 Thread 0x00007fcaac036800 nmethod 6798 0x000000011071bc10 code [0x000000011071bd80, 0x000000011071c068]
Event: 2375.948 Thread 0x00007fcaab813000 6799       4       java.util.concurrent.locks.AbstractQueuedSynchronizer::doReleaseShared (79 bytes)
Event: 2375.951 Thread 0x00007fcaab813000 nmethod 6799 0x00000001108b8890 code [0x00000001108b8a00, 0x00000001108b8b68]
Event: 2391.342 Thread 0x00007fcaac000800 6800   !   4       org.apache.tomcat.util.net.NioEndpoint$Poller::timeout (493 bytes)
Event: 2391.359 Thread 0x00007fcaac000800 nmethod 6800 0x0000000110f5bb50 code [0x0000000110f5bde0, 0x0000000110f5ce20]
Event: 2405.952 Thread 0x00007fcaab813000 6801       4       java.util.concurrent.locks.ReentrantReadWriteLock$Sync::tryAcquireShared (177 bytes)
Event: 2405.958 Thread 0x00007fcaab813000 nmethod 6801 0x0000000110975c10 code [0x0000000110975dc0, 0x00000001109762b0]
Event: 2585.973 Thread 0x00007fcaac036800 6802       3       org.apache.catalina.core.StandardWrapper::backgroundProcess (38 bytes)
Event: 2585.974 Thread 0x00007fcaac036800 nmethod 6802 0x000000010fb4a7d0 code [0x000000010fb4a9a0, 0x000000010fb4b188]

GC Heap History (10 events):
Event: 4.446 GC heap before
{Heap before GC invocations=7 (full 1):
 PSYoungGen      total 71680K, used 66560K [0x0000000795580000, 0x000000079eb80000, 0x00000007c0000000)
  eden space 66560K, 100% used [0x0000000795580000,0x0000000799680000,0x0000000799680000)
  from space 5120K, 0% used [0x0000000799680000,0x0000000799680000,0x0000000799b80000)
  to   space 10240K, 0% used [0x000000079e180000,0x000000079e180000,0x000000079eb80000)
 ParOldGen       total 63488K, used 11280K [0x0000000740000000, 0x0000000743e00000, 0x0000000795580000)
  object space 63488K, 17% used [0x0000000740000000,0x0000000740b041a8,0x0000000743e00000)
 Metaspace       used 25925K, capacity 26202K, committed 26624K, reserved 1073152K
  class space    used 3141K, capacity 3242K, committed 3328K, reserved 1048576K
Event: 4.481 GC heap after
Heap after GC invocations=7 (full 1):
 PSYoungGen      total 118272K, used 10208K [0x0000000795580000, 0x000000079eb80000, 0x00000007c0000000)
  eden space 108032K, 0% used [0x0000000795580000,0x0000000795580000,0x000000079bf00000)
  from space 10240K, 99% used [0x000000079e180000,0x000000079eb78348,0x000000079eb80000)
  to   space 11264K, 0% used [0x000000079d580000,0x000000079d580000,0x000000079e080000)
 ParOldGen       total 63488K, used 11391K [0x0000000740000000, 0x0000000743e00000, 0x0000000795580000)
  object space 63488K, 17% used [0x0000000740000000,0x0000000740b1ffd8,0x0000000743e00000)
 Metaspace       used 25925K, capacity 26202K, committed 26624K, reserved 1073152K
  class space    used 3141K, capacity 3242K, committed 3328K, reserved 1048576K
}
Event: 8.101 GC heap before
{Heap before GC invocations=8 (full 1):
 PSYoungGen      total 118272K, used 118240K [0x0000000795580000, 0x000000079eb80000, 0x00000007c0000000)
  eden space 108032K, 100% used [0x0000000795580000,0x000000079bf00000,0x000000079bf00000)
  from space 10240K, 99% used [0x000000079e180000,0x000000079eb78348,0x000000079eb80000)
  to   space 11264K, 0% used [0x000000079d580000,0x000000079d580000,0x000000079e080000)
 ParOldGen       total 63488K, used 11391K [0x0000000740000000, 0x0000000743e00000, 0x0000000795580000)
  object space 63488K, 17% used [0x0000000740000000,0x0000000740b1ffd8,0x0000000743e00000)
 Metaspace       used 29880K, capacity 30204K, committed 30464K, reserved 1075200K
  class space    used 3630K, capacity 3717K, committed 3840K, reserved 1048576K
Event: 8.114 GC heap after
Heap after GC invocations=8 (full 1):
 PSYoungGen      total 142336K, used 8968K [0x0000000795580000, 0x00000007a1000000, 0x00000007c0000000)
  eden space 131072K, 0% used [0x0000000795580000,0x0000000795580000,0x000000079d580000)
  from space 11264K, 79% used [0x000000079d580000,0x000000079de423f8,0x000000079e080000)
  to   space 11264K, 0% used [0x00000007a0500000,0x00000007a0500000,0x00000007a1000000)
 ParOldGen       total 63488K, used 11399K [0x0000000740000000, 0x0000000743e00000, 0x0000000795580000)
  object space 63488K, 17% used [0x0000000740000000,0x0000000740b21fd8,0x0000000743e00000)
 Metaspace       used 29880K, capacity 30204K, committed 30464K, reserved 1075200K
  class space    used 3630K, capacity 3717K, committed 3840K, reserved 1048576K
}
Event: 12.363 GC heap before
{Heap before GC invocations=9 (full 1):
 PSYoungGen      total 142336K, used 46565K [0x0000000795580000, 0x00000007a1000000, 0x00000007c0000000)
  eden space 131072K, 28% used [0x0000000795580000,0x0000000797a371e0,0x000000079d580000)
  from space 11264K, 79% used [0x000000079d580000,0x000000079de423f8,0x000000079e080000)
  to   space 11264K, 0% used [0x00000007a0500000,0x00000007a0500000,0x00000007a1000000)
 ParOldGen       total 63488K, used 11399K [0x0000000740000000, 0x0000000743e00000, 0x0000000795580000)
  object space 63488K, 17% used [0x0000000740000000,0x0000000740b21fd8,0x0000000743e00000)
 Metaspace       used 34890K, capacity 35200K, committed 35456K, reserved 1081344K
  class space    used 4073K, capacity 4167K, committed 4224K, reserved 1048576K
Event: 12.382 GC heap after
Heap after GC invocations=9 (full 1):
 PSYoungGen      total 178176K, used 11247K [0x0000000795580000, 0x00000007a2f80000, 0x00000007c0000000)
  eden space 166912K, 0% used [0x0000000795580000,0x0000000795580000,0x000000079f880000)
  from space 11264K, 99% used [0x00000007a0500000,0x00000007a0ffbd18,0x00000007a1000000)
  to   space 12800K, 0% used [0x000000079f880000,0x000000079f880000,0x00000007a0500000)
 ParOldGen       total 63488K, used 12411K [0x0000000740000000, 0x0000000743e00000, 0x0000000795580000)
  object space 63488K, 19% used [0x0000000740000000,0x0000000740c1ec40,0x0000000743e00000)
 Metaspace       used 34890K, capacity 35200K, committed 35456K, reserved 1081344K
  class space    used 4073K, capacity 4167K, committed 4224K, reserved 1048576K
}
Event: 12.382 GC heap before
{Heap before GC invocations=10 (full 2):
 PSYoungGen      total 178176K, used 11247K [0x0000000795580000, 0x00000007a2f80000, 0x00000007c0000000)
  eden space 166912K, 0% used [0x0000000795580000,0x0000000795580000,0x000000079f880000)
  from space 11264K, 99% used [0x00000007a0500000,0x00000007a0ffbd18,0x00000007a1000000)
  to   space 12800K, 0% used [0x000000079f880000,0x000000079f880000,0x00000007a0500000)
 ParOldGen       total 63488K, used 12411K [0x0000000740000000, 0x0000000743e00000, 0x0000000795580000)
  object space 63488K, 19% used [0x0000000740000000,0x0000000740c1ec40,0x0000000743e00000)
 Metaspace       used 34890K, capacity 35200K, committed 35456K, reserved 1081344K
  class space    used 4073K, capacity 4167K, committed 4224K, reserved 1048576K
Event: 12.479 GC heap after
Heap after GC invocations=10 (full 2):
 PSYoungGen      total 178176K, used 0K [0x0000000795580000, 0x00000007a2f80000, 0x00000007c0000000)
  eden space 166912K, 0% used [0x0000000795580000,0x0000000795580000,0x000000079f880000)
  from space 11264K, 0% used [0x00000007a0500000,0x00000007a0500000,0x00000007a1000000)
  to   space 12800K, 0% used [0x000000079f880000,0x000000079f880000,0x00000007a0500000)
 ParOldGen       total 94208K, used 20035K [0x0000000740000000, 0x0000000745c00000, 0x0000000795580000)
  object space 94208K, 21% used [0x0000000740000000,0x0000000741390f38,0x0000000745c00000)
 Metaspace       used 34890K, capacity 35200K, committed 35456K, reserved 1081344K
  class space    used 4073K, capacity 4167K, committed 4224K, reserved 1048576K
}
Event: 242.206 GC heap before
{Heap before GC invocations=11 (full 2):
 PSYoungGen      total 178176K, used 166912K [0x0000000795580000, 0x00000007a2f80000, 0x00000007c0000000)
  eden space 166912K, 100% used [0x0000000795580000,0x000000079f880000,0x000000079f880000)
  from space 11264K, 0% used [0x00000007a0500000,0x00000007a0500000,0x00000007a1000000)
  to   space 12800K, 0% used [0x000000079f880000,0x000000079f880000,0x00000007a0500000)
 ParOldGen       total 94208K, used 20035K [0x0000000740000000, 0x0000000745c00000, 0x0000000795580000)
  object space 94208K, 21% used [0x0000000740000000,0x0000000741390f38,0x0000000745c00000)
 Metaspace       used 42550K, capacity 43276K, committed 43520K, reserved 1087488K
  class space    used 4696K, capacity 4829K, committed 4864K, reserved 1048576K
Event: 242.224 GC heap after
Heap after GC invocations=11 (full 2):
 PSYoungGen      total 179712K, used 11616K [0x0000000795580000, 0x00000007a4180000, 0x00000007c0000000)
  eden space 166912K, 0% used [0x0000000795580000,0x0000000795580000,0x000000079f880000)
  from space 12800K, 90% used [0x000000079f880000,0x00000007a03d8090,0x00000007a0500000)
  to   space 13824K, 0% used [0x00000007a3400000,0x00000007a3400000,0x00000007a4180000)
 ParOldGen       total 94208K, used 20043K [0x0000000740000000, 0x0000000745c00000, 0x0000000795580000)
  object space 94208K, 21% used [0x0000000740000000,0x0000000741392f38,0x0000000745c00000)
 Metaspace       used 42550K, capacity 43276K, committed 43520K, reserved 1087488K
  class space    used 4696K, capacity 4829K, committed 4864K, reserved 1048576K
}

Deoptimization events (10 events):
Event: 258.113 Thread 0x00007fcab1571800 Uncommon trap: reason=null_check action=make_not_entrant pc=0x0000000110b4e390 method=org.springframework.core.annotation.AnnotatedElementUtils.searchWithFindSemantics(Ljava/lang/reflect/AnnotatedElement;Ljava/lang/Class;Ljava/lang/String;Ljava/lang/Class
Event: 357.837 Thread 0x00007fcab1571800 Uncommon trap: reason=range_check action=none pc=0x000000011072830c method=org.eclipse.jdt.internal.compiler.parser.Scanner.getNextToken0()I @ 93
Event: 357.853 Thread 0x00007fcab1571800 Uncommon trap: reason=array_check action=maybe_recompile pc=0x0000000110cabc04 method=java.util.TimSort.binarySort([Ljava/lang/Object;IIILjava/util/Comparator;)V @ 193
Event: 357.869 Thread 0x00007fcab1571800 Uncommon trap: reason=array_check action=maybe_recompile pc=0x0000000110cabcd4 method=java.util.TimSort.binarySort([Ljava/lang/Object;IIILjava/util/Comparator;)V @ 183
Event: 357.874 Thread 0x00007fcab1571800 Uncommon trap: reason=array_check action=maybe_recompile pc=0x0000000110cabc04 method=java.util.TimSort.binarySort([Ljava/lang/Object;IIILjava/util/Comparator;)V @ 193
Event: 357.874 Thread 0x00007fcab1571800 Uncommon trap: reason=array_check action=maybe_recompile pc=0x0000000110cabc04 method=java.util.TimSort.binarySort([Ljava/lang/Object;IIILjava/util/Comparator;)V @ 193
Event: 372.593 Thread 0x00007fcab0801800 Uncommon trap: reason=unstable_if action=reinterpret pc=0x000000011093c450 method=java.util.Vector.elementAt(I)Ljava/lang/Object; @ 5
Event: 372.661 Thread 0x00007fcaafabe800 Uncommon trap: reason=unhandled action=none pc=0x000000011040b0e0 method=java.net.URLClassLoader.findClass(Ljava/lang/String;)Ljava/lang/Class; @ 44
Event: 416.896 Thread 0x00007fcab0069800 Uncommon trap: reason=array_check action=maybe_recompile pc=0x000000010fa21e10 method=java.util.TimSort.binarySort([Ljava/lang/Object;IIILjava/util/Comparator;)V @ 215
Event: 416.897 Thread 0x00007fcab0069800 Uncommon trap: reason=array_check action=maybe_recompile pc=0x000000010fa21e10 method=java.util.TimSort.binarySort([Ljava/lang/Object;IIILjava/util/Comparator;)V @ 215

Internal exceptions (10 events):
Event: 242.171 Thread 0x00007fcab0800000 Exception <a 'java/lang/ArrayIndexOutOfBoundsException': 24943> (0x000000079f55b6d0) thrown at [/Users/java_re/workspace/8-2-build-macosx-x86_64/jdk8u91/6644/hotspot/src/share/vm/interpreter/interpreterRuntime.cpp, line 366]
Event: 252.112 Thread 0x00007fcab100f000 Exception <a 'java/lang/ArrayIndexOutOfBoundsException': 9485> (0x00000007965f6618) thrown at [/Users/java_re/workspace/8-2-build-macosx-x86_64/jdk8u91/6644/hotspot/src/share/vm/interpreter/interpreterRuntime.cpp, line 366]
Event: 258.113 Thread 0x00007fcab1571800 Implicit null exception at 0x0000000110b41c96 to 0x0000000110b4e361
Event: 357.837 Thread 0x00007fcab1571800 Exception <a 'java/lang/ArrayIndexOutOfBoundsException': 11027> (0x0000000797b5e488) thrown at [/Users/java_re/workspace/8-2-build-macosx-x86_64/jdk8u91/6644/hotspot/src/share/vm/interpreter/interpreterRuntime.cpp, line 366]
Event: 357.954 Thread 0x00007fcaaf9d6000 Exception <a 'java/io/FileNotFoundException'> (0x00000007976f4b98) thrown at [/Users/java_re/workspace/8-2-build-macosx-x86_64/jdk8u91/6644/hotspot/src/share/vm/prims/jni.cpp, line 709]
Event: 357.993 Thread 0x00007fcab0800000 Exception <a 'java/io/FileNotFoundException'> (0x000000079790d6a8) thrown at [/Users/java_re/workspace/8-2-build-macosx-x86_64/jdk8u91/6644/hotspot/src/share/vm/prims/jni.cpp, line 709]
Event: 373.190 Thread 0x00007fcab0801800 Exception <a 'java/io/FileNotFoundException'> (0x000000079832a8b0) thrown at [/Users/java_re/workspace/8-2-build-macosx-x86_64/jdk8u91/6644/hotspot/src/share/vm/prims/jni.cpp, line 709]
Event: 374.792 Thread 0x00007fcab1571800 Exception <a 'java/io/FileNotFoundException'> (0x00000007983cdf38) thrown at [/Users/java_re/workspace/8-2-build-macosx-x86_64/jdk8u91/6644/hotspot/src/share/vm/prims/jni.cpp, line 709]
Event: 416.897 Thread 0x00007fcab0069800 Exception <a 'java/lang/NoSuchMethodError': <clinit>> (0x00000007984cfc20) thrown at [/Users/java_re/workspace/8-2-build-macosx-x86_64/jdk8u91/6644/hotspot/src/share/vm/prims/jni.cpp, line 1613]
Event: 416.898 Thread 0x00007fcab0069800 Exception <a 'java/lang/NoSuchMethodError': <clinit>> (0x00000007984e4db0) thrown at [/Users/java_re/workspace/8-2-build-macosx-x86_64/jdk8u91/6644/hotspot/src/share/vm/prims/jni.cpp, line 1613]

Events (10 events):
Event: 2658.360 Executing VM operation: RedefineClasses
Event: 2658.424 Executing VM operation: RedefineClasses done
Event: 2658.455 Executing VM operation: ChangeBreakpoints
Event: 2658.457 Executing VM operation: ChangeBreakpoints done
Event: 2771.088 Executing VM operation: RedefineClasses
Event: 2771.174 Executing VM operation: RedefineClasses done
Event: 2771.228 Executing VM operation: ChangeBreakpoints
Event: 2771.232 Executing VM operation: ChangeBreakpoints done
Event: 2923.433 Executing VM operation: RedefineClasses
Event: 2923.622 Executing VM operation: RedefineClasses done


Dynamic libraries:
0x000000000a4df000 	/System/Library/Frameworks/Cocoa.framework/Versions/A/Cocoa
0x000000000a4df000 	/System/Library/Frameworks/Security.framework/Versions/A/Security
0x000000000a4df000 	/System/Library/Frameworks/ApplicationServices.framework/Versions/A/ApplicationServices
0x000000000a4df000 	/usr/lib/libz.1.dylib
0x000000000a4df000 	/usr/lib/libSystem.B.dylib
0x000000000a4df000 	/usr/lib/libobjc.A.dylib
0x000000000a4df000 	/System/Library/Frameworks/CoreFoundation.framework/Versions/A/CoreFoundation
0x000000000a4df000 	/System/Library/Frameworks/Foundation.framework/Versions/C/Foundation
0x000000000a4df000 	/System/Library/Frameworks/AppKit.framework/Versions/C/AppKit
0x000000000a4df000 	/System/Library/Frameworks/CoreData.framework/Versions/A/CoreData
0x000000000a4df000 	/System/Library/PrivateFrameworks/RemoteViewServices.framework/Versions/A/RemoteViewServices
0x000000000a4df000 	/System/Library/PrivateFrameworks/UIFoundation.framework/Versions/A/UIFoundation
0x000000000a4df000 	/usr/lib/libScreenReader.dylib
0x000000000a4df000 	/System/Library/Frameworks/Accelerate.framework/Versions/A/Accelerate
0x000000000a4df000 	/System/Library/Frameworks/IOSurface.framework/Versions/A/IOSurface
0x000000000a4df000 	/System/Library/Frameworks/AudioToolbox.framework/Versions/A/AudioToolbox
0x000000000a4df000 	/System/Library/Frameworks/AudioUnit.framework/Versions/A/AudioUnit
0x000000000a4df000 	/System/Library/PrivateFrameworks/DataDetectorsCore.framework/Versions/A/DataDetectorsCore
0x000000000a4df000 	/System/Library/PrivateFrameworks/DesktopServicesPriv.framework/Versions/A/DesktopServicesPriv
0x000000000a4df000 	/System/Library/Frameworks/Carbon.framework/Versions/A/Frameworks/HIToolbox.framework/Versions/A/HIToolbox
0x000000000a4df000 	/System/Library/Frameworks/QuartzCore.framework/Versions/A/QuartzCore
0x000000000a4df000 	/System/Library/Frameworks/Carbon.framework/Versions/A/Frameworks/SpeechRecognition.framework/Versions/A/SpeechRecognition
0x000000000a4df000 	/usr/lib/libauto.dylib
0x000000000a4df000 	/usr/lib/libicucore.A.dylib
0x000000000a4df000 	/usr/lib/libxml2.2.dylib
0x000000000a4df000 	/System/Library/PrivateFrameworks/CoreUI.framework/Versions/A/CoreUI
0x000000000a4df000 	/System/Library/Frameworks/CoreAudio.framework/Versions/A/CoreAudio
0x000000000a4df000 	/System/Library/Frameworks/DiskArbitration.framework/Versions/A/DiskArbitration
0x000000000a4df000 	/usr/lib/liblangid.dylib
0x000000000a4df000 	/System/Library/PrivateFrameworks/MultitouchSupport.framework/Versions/A/MultitouchSupport
0x000000000a4df000 	/System/Library/Frameworks/IOKit.framework/Versions/A/IOKit
0x000000000a4df000 	/usr/lib/libDiagnosticMessagesClient.dylib
0x000000000a4df000 	/System/Library/Frameworks/CoreServices.framework/Versions/A/CoreServices
0x000000000a4df000 	/System/Library/PrivateFrameworks/PerformanceAnalysis.framework/Versions/A/PerformanceAnalysis
0x000000000a4df000 	/System/Library/PrivateFrameworks/GenerationalStorage.framework/Versions/A/GenerationalStorage
0x000000000a4df000 	/System/Library/Frameworks/OpenGL.framework/Versions/A/OpenGL
0x000000000a4df000 	/System/Library/PrivateFrameworks/Sharing.framework/Versions/A/Sharing
0x000000000a4df000 	/System/Library/Frameworks/CoreGraphics.framework/Versions/A/CoreGraphics
0x000000000a4df000 	/System/Library/Frameworks/CoreImage.framework/Versions/A/CoreImage
0x000000000a4df000 	/System/Library/Frameworks/CoreText.framework/Versions/A/CoreText
0x000000000a4df000 	/System/Library/Frameworks/ImageIO.framework/Versions/A/ImageIO
0x000000000a4df000 	/System/Library/PrivateFrameworks/Backup.framework/Versions/A/Backup
0x000000000a4df000 	/usr/lib/libextension.dylib
0x000000000a4df000 	/usr/lib/libarchive.2.dylib
0x000000000a4df000 	/System/Library/Frameworks/CFNetwork.framework/Versions/A/CFNetwork
0x000000000a4df000 	/System/Library/Frameworks/SystemConfiguration.framework/Versions/A/SystemConfiguration
0x000000000a4df000 	/usr/lib/libCRFSuite.dylib
0x000000000a4df000 	/usr/lib/libc++.1.dylib
0x000000000a4df000 	/usr/lib/libc++abi.dylib
0x000000000a4df000 	/usr/lib/system/libcache.dylib
0x000000000a4df000 	/usr/lib/system/libcommonCrypto.dylib
0x000000000a4df000 	/usr/lib/system/libcompiler_rt.dylib
0x000000000a4df000 	/usr/lib/system/libcopyfile.dylib
0x000000000a4df000 	/usr/lib/system/libcorecrypto.dylib
0x000000000a4df000 	/usr/lib/system/libdispatch.dylib
0x000000000a4df000 	/usr/lib/system/libdyld.dylib
0x000000000a4df000 	/usr/lib/system/libkeymgr.dylib
0x000000000a4df000 	/usr/lib/system/liblaunch.dylib
0x000000000a4df000 	/usr/lib/system/libmacho.dylib
0x000000000a4df000 	/usr/lib/system/libquarantine.dylib
0x000000000a4df000 	/usr/lib/system/libremovefile.dylib
0x000000000a4df000 	/usr/lib/system/libsystem_asl.dylib
0x000000000a4df000 	/usr/lib/system/libsystem_blocks.dylib
0x000000000a4df000 	/usr/lib/system/libsystem_c.dylib
0x000000000a4df000 	/usr/lib/system/libsystem_configuration.dylib
0x000000000a4df000 	/usr/lib/system/libsystem_coreservices.dylib
0x000000000a4df000 	/usr/lib/system/libsystem_coretls.dylib
0x000000000a4df000 	/usr/lib/system/libsystem_dnssd.dylib
0x000000000a4df000 	/usr/lib/system/libsystem_info.dylib
0x000000000a4df000 	/usr/lib/system/libsystem_kernel.dylib
0x000000000a4df000 	/usr/lib/system/libsystem_m.dylib
0x000000000a4df000 	/usr/lib/system/libsystem_malloc.dylib
0x000000000a4df000 	/usr/lib/system/libsystem_network.dylib
0x000000000a4df000 	/usr/lib/system/libsystem_networkextension.dylib
0x000000000a4df000 	/usr/lib/system/libsystem_notify.dylib
0x000000000a4df000 	/usr/lib/system/libsystem_platform.dylib
0x000000000a4df000 	/usr/lib/system/libsystem_pthread.dylib
0x000000000a4df000 	/usr/lib/system/libsystem_sandbox.dylib
0x000000000a4df000 	/usr/lib/system/libsystem_secinit.dylib
0x000000000a4df000 	/usr/lib/system/libsystem_trace.dylib
0x000000000a4df000 	/usr/lib/system/libunc.dylib
0x000000000a4df000 	/usr/lib/system/libunwind.dylib
0x000000000a4df000 	/usr/lib/system/libxpc.dylib
0x000000000a4df000 	/usr/lib/libenergytrace.dylib
0x000000000a4df000 	/usr/lib/libbsm.0.dylib
0x000000000a4df000 	/usr/lib/system/libkxld.dylib
0x000000000a4df000 	/usr/lib/libxar.1.dylib
0x000000000a4df000 	/usr/lib/libsqlite3.dylib
0x000000000a4df000 	/usr/lib/libpam.2.dylib
0x000000000a4df000 	/usr/lib/libOpenScriptingUtil.dylib
0x000000000a4df000 	/usr/lib/libbz2.1.0.dylib
0x000000000a4df000 	/usr/lib/liblzma.5.dylib
0x000000000a4df000 	/System/Library/Frameworks/CoreServices.framework/Versions/A/Frameworks/FSEvents.framework/Versions/A/FSEvents
0x000000000a4df000 	/System/Library/Frameworks/CoreServices.framework/Versions/A/Frameworks/CarbonCore.framework/Versions/A/CarbonCore
0x000000000a4df000 	/System/Library/Frameworks/CoreServices.framework/Versions/A/Frameworks/Metadata.framework/Versions/A/Metadata
0x000000000a4df000 	/System/Library/Frameworks/CoreServices.framework/Versions/A/Frameworks/OSServices.framework/Versions/A/OSServices
0x000000000a4df000 	/System/Library/Frameworks/CoreServices.framework/Versions/A/Frameworks/SearchKit.framework/Versions/A/SearchKit
0x000000000a4df000 	/System/Library/Frameworks/CoreServices.framework/Versions/A/Frameworks/AE.framework/Versions/A/AE
0x000000000a4df000 	/System/Library/Frameworks/CoreServices.framework/Versions/A/Frameworks/LaunchServices.framework/Versions/A/LaunchServices
0x000000000a4df000 	/System/Library/Frameworks/CoreServices.framework/Versions/A/Frameworks/DictionaryServices.framework/Versions/A/DictionaryServices
0x000000000a4df000 	/System/Library/Frameworks/CoreServices.framework/Versions/A/Frameworks/SharedFileList.framework/Versions/A/SharedFileList
0x000000000a4df000 	/System/Library/Frameworks/NetFS.framework/Versions/A/NetFS
0x000000000a4df000 	/System/Library/PrivateFrameworks/NetAuth.framework/Versions/A/NetAuth
0x000000000a4df000 	/System/Library/PrivateFrameworks/login.framework/Versions/A/Frameworks/loginsupport.framework/Versions/A/loginsupport
0x000000000a4df000 	/System/Library/PrivateFrameworks/TCC.framework/Versions/A/TCC
0x000000000a4df000 	/usr/lib/libmecabra.dylib
0x000000000a4df000 	/System/Library/Frameworks/ApplicationServices.framework/Versions/A/Frameworks/ATS.framework/Versions/A/ATS
0x000000000a4df000 	/System/Library/Frameworks/ApplicationServices.framework/Versions/A/Frameworks/ColorSync.framework/Versions/A/ColorSync
0x000000000a4df000 	/System/Library/Frameworks/ApplicationServices.framework/Versions/A/Frameworks/HIServices.framework/Versions/A/HIServices
0x000000000a4df000 	/System/Library/Frameworks/ApplicationServices.framework/Versions/A/Frameworks/LangAnalysis.framework/Versions/A/LangAnalysis
0x000000000a4df000 	/System/Library/Frameworks/ApplicationServices.framework/Versions/A/Frameworks/PrintCore.framework/Versions/A/PrintCore
0x000000000a4df000 	/System/Library/Frameworks/ApplicationServices.framework/Versions/A/Frameworks/QD.framework/Versions/A/QD
0x000000000a4df000 	/System/Library/Frameworks/ApplicationServices.framework/Versions/A/Frameworks/SpeechSynthesis.framework/Versions/A/SpeechSynthesis
0x000000000a4df000 	/System/Library/Frameworks/Metal.framework/Versions/A/Metal
0x000000000a4df000 	/System/Library/Frameworks/Accelerate.framework/Versions/A/Frameworks/vImage.framework/Versions/A/vImage
0x000000000a4df000 	/System/Library/Frameworks/Accelerate.framework/Versions/A/Frameworks/vecLib.framework/Versions/A/vecLib
0x000000000a4df000 	/System/Library/Frameworks/Accelerate.framework/Versions/A/Frameworks/vecLib.framework/Versions/A/libvDSP.dylib
0x000000000a4df000 	/System/Library/Frameworks/Accelerate.framework/Versions/A/Frameworks/vecLib.framework/Versions/A/libvMisc.dylib
0x000000000a4df000 	/System/Library/Frameworks/Accelerate.framework/Versions/A/Frameworks/vecLib.framework/Versions/A/libLAPACK.dylib
0x000000000a4df000 	/System/Library/Frameworks/Accelerate.framework/Versions/A/Frameworks/vecLib.framework/Versions/A/libBLAS.dylib
0x000000000a4df000 	/System/Library/Frameworks/Accelerate.framework/Versions/A/Frameworks/vecLib.framework/Versions/A/libLinearAlgebra.dylib
0x000000000a4df000 	/System/Library/Frameworks/Accelerate.framework/Versions/A/Frameworks/vecLib.framework/Versions/A/libSparseBLAS.dylib
0x000000000a4df000 	/System/Library/PrivateFrameworks/GPUCompiler.framework/libmetal_timestamp.dylib
0x000000000a4df000 	/System/Library/Frameworks/OpenGL.framework/Versions/A/Libraries/libCoreFSCache.dylib
0x000000000a4df000 	/System/Library/PrivateFrameworks/IOAccelerator.framework/Versions/A/IOAccelerator
0x000000000a4df000 	/System/Library/Frameworks/ApplicationServices.framework/Versions/A/Frameworks/ATS.framework/Versions/A/Resources/libFontParser.dylib
0x000000000a4df000 	/System/Library/Frameworks/ApplicationServices.framework/Versions/A/Frameworks/ATS.framework/Versions/A/Resources/libFontRegistry.dylib
0x000000000a4df000 	/System/Library/PrivateFrameworks/AppleVPA.framework/Versions/A/AppleVPA
0x000000000a4df000 	/System/Library/PrivateFrameworks/AppleJPEG.framework/Versions/A/AppleJPEG
0x000000000a4df000 	/System/Library/Frameworks/ImageIO.framework/Versions/A/Resources/libJPEG.dylib
0x000000000a4df000 	/System/Library/Frameworks/ImageIO.framework/Versions/A/Resources/libTIFF.dylib
0x000000000a4df000 	/System/Library/Frameworks/ImageIO.framework/Versions/A/Resources/libPng.dylib
0x000000000a4df000 	/System/Library/Frameworks/ImageIO.framework/Versions/A/Resources/libGIF.dylib
0x000000000a4df000 	/System/Library/Frameworks/ImageIO.framework/Versions/A/Resources/libJP2.dylib
0x000000000a4df000 	/System/Library/Frameworks/ImageIO.framework/Versions/A/Resources/libRadiance.dylib
0x000000000a4df000 	/System/Library/Frameworks/CoreVideo.framework/Versions/A/CoreVideo
0x000000000a4df000 	/System/Library/Frameworks/OpenGL.framework/Versions/A/Libraries/libGLU.dylib
0x000000000a4df000 	/System/Library/Frameworks/OpenGL.framework/Versions/A/Libraries/libGFXShared.dylib
0x000000000a4df000 	/System/Library/Frameworks/OpenGL.framework/Versions/A/Libraries/libGL.dylib
0x000000000a4df000 	/System/Library/Frameworks/OpenGL.framework/Versions/A/Libraries/libGLImage.dylib
0x000000000a4df000 	/System/Library/Frameworks/OpenGL.framework/Versions/A/Libraries/libCVMSPluginSupport.dylib
0x000000000a4df000 	/System/Library/Frameworks/OpenGL.framework/Versions/A/Libraries/libCoreVMClient.dylib
0x000000000a4df000 	/usr/lib/libcups.2.dylib
0x000000000a4df000 	/System/Library/Frameworks/Kerberos.framework/Versions/A/Kerberos
0x000000000a4df000 	/System/Library/Frameworks/GSS.framework/Versions/A/GSS
0x000000000a4df000 	/usr/lib/libresolv.9.dylib
0x000000000a4df000 	/usr/lib/libiconv.2.dylib
0x000000000a4df000 	/System/Library/PrivateFrameworks/Heimdal.framework/Versions/A/Heimdal
0x000000000a4df000 	/usr/lib/libheimdal-asn1.dylib
0x000000000a4df000 	/System/Library/Frameworks/OpenDirectory.framework/Versions/A/OpenDirectory
0x000000000a4df000 	/System/Library/PrivateFrameworks/CommonAuth.framework/Versions/A/CommonAuth
0x000000000a4df000 	/System/Library/Frameworks/OpenDirectory.framework/Versions/A/Frameworks/CFOpenDirectory.framework/Versions/A/CFOpenDirectory
0x000000000a4df000 	/System/Library/Frameworks/SecurityFoundation.framework/Versions/A/SecurityFoundation
0x000000000a4df000 	/System/Library/PrivateFrameworks/LanguageModeling.framework/Versions/A/LanguageModeling
0x000000000a4df000 	/usr/lib/libmarisa.dylib
0x000000000a4df000 	/usr/lib/libChineseTokenizer.dylib
0x000000000a4df000 	/usr/lib/libcmph.dylib
0x000000000a4df000 	/usr/lib/libcompression.dylib
0x000000000a4df000 	/System/Library/Frameworks/ServiceManagement.framework/Versions/A/ServiceManagement
0x000000000a4df000 	/usr/lib/libxslt.1.dylib
0x000000000a4df000 	/System/Library/Frameworks/Carbon.framework/Versions/A/Frameworks/Ink.framework/Versions/A/Ink
0x000000000a4df000 	/usr/lib/libFosl_dynamic.dylib
0x000000000a4df000 	/System/Library/PrivateFrameworks/FaceCore.framework/Versions/A/FaceCore
0x000000000a4df000 	/System/Library/Frameworks/OpenCL.framework/Versions/A/OpenCL
0x000000000a4df000 	/System/Library/PrivateFrameworks/CrashReporterSupport.framework/Versions/A/CrashReporterSupport
0x000000000a4df000 	/System/Library/PrivateFrameworks/IconServices.framework/Versions/A/IconServices
0x000000000a4df000 	/System/Library/PrivateFrameworks/Apple80211.framework/Versions/A/Apple80211
0x000000000a4df000 	/System/Library/Frameworks/CoreWLAN.framework/Versions/A/CoreWLAN
0x000000000a4df000 	/System/Library/Frameworks/IOBluetooth.framework/Versions/A/IOBluetooth
0x000000000a4df000 	/System/Library/PrivateFrameworks/CoreWiFi.framework/Versions/A/CoreWiFi
0x000000000a4df000 	/System/Library/Frameworks/CoreBluetooth.framework/Versions/A/CoreBluetooth
0x000000000a4df000 	/System/Library/PrivateFrameworks/ChunkingLibrary.framework/Versions/A/ChunkingLibrary
0x000000000a4df000 	/System/Library/PrivateFrameworks/DebugSymbols.framework/Versions/A/DebugSymbols
0x000000000a4df000 	/System/Library/PrivateFrameworks/CoreSymbolication.framework/Versions/A/CoreSymbolication
0x000000000a4df000 	/System/Library/PrivateFrameworks/Symbolication.framework/Versions/A/Symbolication
0x000000000a4df000 	/System/Library/PrivateFrameworks/SpeechRecognitionCore.framework/Versions/A/SpeechRecognitionCore
0x000000010ded4000 	/Library/Java/JavaVirtualMachines/jdk1.8.0_91.jdk/Contents/Home/jre/lib/server/libjvm.dylib
0x000000010ee68000 	/usr/lib/libstdc++.6.dylib
0x000000010ef23000 	/Library/Java/JavaVirtualMachines/jdk1.8.0_91.jdk/Contents/Home/jre/lib/libverify.dylib
0x000000010ef31000 	/Library/Java/JavaVirtualMachines/jdk1.8.0_91.jdk/Contents/Home/jre/lib/libjava.dylib
0x000000010ef67000 	/Library/Java/JavaVirtualMachines/jdk1.8.0_91.jdk/Contents/Home/jre/lib/libjdwp.dylib
0x000000010efb2000 	/Library/Java/JavaVirtualMachines/jdk1.8.0_91.jdk/Contents/Home/jre/lib/libnpt.dylib
0x000000010efbf000 	/Library/Java/JavaVirtualMachines/jdk1.8.0_91.jdk/Contents/Home/jre/lib/libzip.dylib
0x000000012513a000 	/System/Library/Frameworks/JavaVM.framework/Frameworks/JavaRuntimeSupport.framework/JavaRuntimeSupport
0x0000000125155000 	/System/Library/Frameworks/JavaVM.framework/Versions/A/Frameworks/JavaNativeFoundation.framework/Versions/A/JavaNativeFoundation
0x000000010eff1000 	/System/Library/Frameworks/JavaVM.framework/Versions/A/JavaVM
0x000000000a4df000 	/System/Library/Frameworks/Carbon.framework/Versions/A/Carbon
0x000000012516a000 	/System/Library/PrivateFrameworks/JavaLaunching.framework/Versions/A/JavaLaunching
0x000000000a4df000 	/System/Library/Frameworks/Carbon.framework/Versions/A/Frameworks/CommonPanels.framework/Versions/A/CommonPanels
0x000000000a4df000 	/System/Library/Frameworks/Carbon.framework/Versions/A/Frameworks/Help.framework/Versions/A/Help
0x000000000a4df000 	/System/Library/Frameworks/Carbon.framework/Versions/A/Frameworks/ImageCapture.framework/Versions/A/ImageCapture
0x000000000a4df000 	/System/Library/Frameworks/Carbon.framework/Versions/A/Frameworks/OpenScripting.framework/Versions/A/OpenScripting
0x000000000a4df000 	/System/Library/Frameworks/Carbon.framework/Versions/A/Frameworks/Print.framework/Versions/A/Print
0x000000000a4df000 	/System/Library/Frameworks/Carbon.framework/Versions/A/Frameworks/SecurityHI.framework/Versions/A/SecurityHI
0x0000000126a8a000 	/Library/Java/JavaVirtualMachines/jdk1.8.0_91.jdk/Contents/Home/jre/lib/libdt_socket.dylib
0x0000000127054000 	/Library/Java/JavaVirtualMachines/jdk1.8.0_91.jdk/Contents/Home/jre/lib/libmanagement.dylib
0x0000000127062000 	/Library/Java/JavaVirtualMachines/jdk1.8.0_91.jdk/Contents/Home/jre/lib/libnet.dylib
0x000000012763e000 	/Library/Java/JavaVirtualMachines/jdk1.8.0_91.jdk/Contents/Home/jre/lib/libnio.dylib

VM Arguments:
jvm_args: -agentlib:jdwp=transport=dt_socket,suspend=y,address=localhost:59964 -Dfile.encoding=UTF-8 
java_command: com.xiaolong.XiaolongScormApplication
java_class_path (initial): /Users/iRobot/workspace/xiaolong-scorm/target/classes:/Users/iRobot/workspace/xiaolong-scorm/src/main/webapp/WEB-INF/lib/ADLParser.jar:/Users/iRobot/workspace/xiaolong-scorm/src/main/webapp/WEB-INF/lib/commons-fileupload-1.3.1.jar:/Users/iRobot/workspace/xiaolong-scorm/src/main/webapp/WEB-INF/lib/commons-io-2.4.jar:/Users/iRobot/workspace/xiaolong-scorm/src/main/webapp/WEB-INF/lib/jspsmart.jar:/Users/iRobot/workspace/xiaolong-scorm/src/main/webapp/WEB-INF/lib/xerces.jar:/Users/iRobot/.m2/repository/org/springframework/boot/spring-boot-starter-web/1.4.1.RELEASE/spring-boot-starter-web-1.4.1.RELEASE.jar:/Users/iRobot/.m2/repository/org/springframework/boot/spring-boot-starter/1.4.1.RELEASE/spring-boot-starter-1.4.1.RELEASE.jar:/Users/iRobot/.m2/repository/org/springframework/boot/spring-boot/1.4.1.RELEASE/spring-boot-1.4.1.RELEASE.jar:/Users/iRobot/.m2/repository/org/springframework/boot/spring-boot-autoconfigure/1.4.1.RELEASE/spring-boot-autoconfigure-1.4.1.RELEASE.jar:/Users/iRobot/.m2/repository/org/springframework/boot/spring-boot-starter-logging/1.4.1.RELEASE/spring-boot-starter-logging-1.4.1.RELEASE.jar:/Users/iRobot/.m2/repository/ch/qos/logback/logback-classic/1.1.7/logback-classic-1.1.7.jar:/Users/iRobot/.m2/repository/ch/qos/logback/logback-core/1.1.7/logback-core-1.1.7.jar:/Users/iRobot/.m2/repository/org/slf4j/slf4j-api/1.7.21/slf4j-api-1.7.21.jar:/Users/iRobot/.m2/repository/org/slf4j/jcl-over-slf4j/1.7.21/jcl-over-slf4j-1.7.21.jar:/Users/iRobot/.m2/repository/org/slf4j/jul-to-slf4j/1.7.21/jul-to-slf4j-1.7.21.jar:/Users/iRobot/.m2/repository/org/slf4j/log4j-over-slf4j/1.7.21/log4j-over-slf4j-1.7.21.jar:/Users/iRobot/.m2/repository/org/springframework/spring-core/4.3.3.RELEASE/spring-core-4.3.3.RELEASE.jar:/Users/iRobot/.m2/repository/org/yaml/snakeyaml/1.17/snakeyaml-1.17.jar:/Users/iRobot/.m2/repository/org/springframework/boot/spring-boot-starter-tomcat/1.4.1.RELEASE/spring-boot-starter-tomcat-1.4.1.RELEASE.jar:/Users/iRobot
Launcher Type: SUN_STANDARD

Environment Variables:
PATH=/usr/bin:/bin:/usr/sbin:/sbin
SHELL=/bin/bash

Signal Handlers:
SIGSEGV: [libjvm.dylib+0x5a97a1], sa_mask[0]=11111111011111110111111111111111, sa_flags=SA_ONSTACK|SA_RESTART|SA_SIGINFO
SIGBUS: [libjvm.dylib+0x5a97a1], sa_mask[0]=11111111011111110111111111111111, sa_flags=SA_RESTART|SA_SIGINFO
SIGFPE: [libjvm.dylib+0x482594], sa_mask[0]=11111111011111110111111111111111, sa_flags=SA_RESTART|SA_SIGINFO
SIGPIPE: [libjvm.dylib+0x482594], sa_mask[0]=11111111011111110111111111111111, sa_flags=SA_RESTART|SA_SIGINFO
SIGXFSZ: [libjvm.dylib+0x482594], sa_mask[0]=11111111011111110111111111111111, sa_flags=SA_RESTART|SA_SIGINFO
SIGILL: [libjvm.dylib+0x482594], sa_mask[0]=11111111011111110111111111111111, sa_flags=SA_RESTART|SA_SIGINFO
SIGUSR1: SIG_DFL, sa_mask[0]=00000000000000000000000000000000, sa_flags=none
SIGUSR2: [libjvm.dylib+0x4820b2], sa_mask[0]=00100000000000000000000000000000, sa_flags=SA_RESTART|SA_SIGINFO
SIGHUP: [libjvm.dylib+0x480689], sa_mask[0]=11111111011111110111111111111111, sa_flags=SA_RESTART|SA_SIGINFO
SIGINT: [libjvm.dylib+0x480689], sa_mask[0]=11111111011111110111111111111111, sa_flags=SA_RESTART|SA_SIGINFO
SIGTERM: [libjvm.dylib+0x480689], sa_mask[0]=11111111011111110111111111111111, sa_flags=SA_RESTART|SA_SIGINFO
SIGQUIT: [libjvm.dylib+0x480689], sa_mask[0]=11111111011111110111111111111111, sa_flags=SA_RESTART|SA_SIGINFO


---------------  S Y S T E M  ---------------

OS:Bsduname:Darwin 15.4.0 Darwin Kernel Version 15.4.0: Fri Feb 26 22:08:05 PST 2016; root:xnu-3248.40.184~3/RELEASE_X86_64 x86_64
rlimit: STACK 8192k, CORE 0k, NPROC 709, NOFILE 10240, AS infinity
load average:3.09 2.38 2.40

CPU:total 4 (2 cores per cpu, 2 threads per core) family 6 model 61 stepping 4, cmov, cx8, fxsr, mmx, sse, sse2, sse3, ssse3, sse4.1, sse4.2, popcnt, avx, avx2, aes, clmul, erms, 3dnowpref, lzcnt, ht, tsc, tscinvbit, bmi1, bmi2, adx

Memory: 4k page, physical 8388608k(16640k free)

/proc/meminfo:


vm_info: Java HotSpot(TM) 64-Bit Server VM (25.91-b14) for bsd-amd64 JRE (1.8.0_91-b14), built on Apr  1 2016 01:03:00 by "java_re" with gcc 4.2.1 (Based on Apple Inc. build 5658) (LLVM build 2336.11.00)

time: Sun Nov 13 11:04:25 2016
elapsed time: 2923 seconds (0d 0h 48m 43s)

